<?xml version="1.0" encoding="UTF-8" standalone="yes"?>
<testsuites name="InputForm" time="25" tests="2" failures="0" errors="0">
    <testsuite name="InputForm" tests="2" failures="0" errors="0" time="25" timestamp="2019-08-26 04:05:51" hostname="Deepakv - WJLP-1130.mshome.net" id="Test Suites/InputFormSuite/InputForm">
        <properties>
            <property name="deviceName" value=""/>
            <property name="devicePlatform" value=""/>
            <property name="logFolder" value="C:\\Users\\deepakv.WINJITBIOS\\git\\KatalonChapter1\\Reports\\20190826_040546\\InputFormSuite\\InputForm\\20190826_040546"/>
            <property name="logFiles" value="C:\\Users\\deepakv.WINJITBIOS\\git\\KatalonChapter1\\Reports\\20190826_040546\\InputFormSuite\\InputForm\\20190826_040546\\execution0.log"/>
            <property name="attachments" value=""/>
            <property name="hostName" value="Deepakv - WJLP-1130.mshome.net"/>
            <property name="os" value="Windows 10 64bit"/>
            <property name="katalonVersion" value="6.3.2.4"/>
            <property name="browser" value="Chrome 76.0.3809.100"/>
            <property name="hostAddress" value="172.23.167.129"/>
            <property name="sessionId" value="2f9e751b47840eeb212b0cd7574844d9"/>
            <property name="seleniumVersion" value="3.141.59"/>
            <property name="proxyInformation" value="ProxyInformation{proxyOption=NO_PROXY, proxyServerType=HTTP, password=, proxyServerAddress=, proxyServerPort=0}"/>
            <property name="platform" value="Windows 10"/>
        </properties>
        <testcase name="Test Cases/Start" classname="Test Cases/Start" status="PASSED">
            <system-out>2019-08-26 04:06:08 - [TEST_CASE][PASSED] - Test Cases/Start: Test Cases/Start&#xD;
&#xD;
2019-08-26 04:06:09 - [TEST_STEP][PASSED] - comment("Click on link to start practising."): Click on link to start practising.&#xD;
&#xD;
2019-08-26 04:06:09 - [MESSAGE][INFO] - Click on link to start practising.&#xD;
&#xD;
2019-08-26 04:06:09 - [TEST_STEP][PASSED] - scrollToElement(findTestObject("linkStartPractising"), 0): Scroll to object 'Object Repository/linkStartPractising' successfully&#xD;
&#xD;
2019-08-26 04:06:09 - [MESSAGE][WARNING] - Timeout '0' is invalid. Using default page load timeout: '30'&#xD;
&#xD;
2019-08-26 04:06:10 - [MESSAGE][PASSED] - Scroll to object 'Object Repository/linkStartPractising' successfully&#xD;
&#xD;
2019-08-26 04:06:10 - [TEST_STEP][PASSED] - click(findTestObject("linkStartPractising")): Object: 'Object Repository/linkStartPractising' is clicked on&#xD;
&#xD;
2019-08-26 04:06:10 - [MESSAGE][PASSED] - Object: 'Object Repository/linkStartPractising' is clicked on</system-out>
            <system-err></system-err>
        </testcase>
        <testcase name="Test Cases/InputFormPage/TesrCaseInputForm" classname="Test Cases/InputFormPage/TesrCaseInputForm" status="PASSED">
            <system-out>2019-08-26 04:06:10 - [TEST_CASE][PASSED] - Test Cases/InputFormPage/TesrCaseInputForm: Test Cases/InputFormPage/TesrCaseInputForm&#xD;
&#xD;
2019-08-26 04:06:11 - [TEST_STEP][PASSED] - click(findTestObject("InputForms/linkHeaderSimpleFormDemo")): Object: 'Object Repository/InputForms/linkHeaderSimpleFormDemo' is clicked on&#xD;
&#xD;
2019-08-26 04:06:12 - [MESSAGE][PASSED] - Object: 'Object Repository/InputForms/linkHeaderSimpleFormDemo' is clicked on&#xD;
&#xD;
2019-08-26 04:06:12 - [TEST_STEP][PASSED] - sendKeys(findTestObject("InputForms/txtUserMessage"), "This is first demo example in Katalon Studio"): Keys 'This is first demo example in Katalon Studio' sent to object: 'Object Repository/InputForms/txtUserMessage'&#xD;
&#xD;
2019-08-26 04:06:14 - [MESSAGE][PASSED] - Keys 'This is first demo example in Katalon Studio' sent to object: 'Object Repository/InputForms/txtUserMessage'&#xD;
&#xD;
2019-08-26 04:06:14 - [TEST_STEP][PASSED] - click(findTestObject("InputForms/btnShowMessage")): Object: 'Object Repository/InputForms/btnShowMessage' is clicked on&#xD;
&#xD;
2019-08-26 04:06:14 - [MESSAGE][PASSED] - Object: 'Object Repository/InputForms/btnShowMessage' is clicked on&#xD;
&#xD;
2019-08-26 04:06:14 - [TEST_STEP][PASSED] - scrollToElement(findTestObject("InputForms/headerTwoInputFields"), 0): Scroll to object 'Object Repository/InputForms/headerTwoInputFields' successfully&#xD;
&#xD;
2019-08-26 04:06:14 - [MESSAGE][WARNING] - Timeout '0' is invalid. Using default page load timeout: '30'&#xD;
&#xD;
2019-08-26 04:06:14 - [MESSAGE][PASSED] - Scroll to object 'Object Repository/InputForms/headerTwoInputFields' successfully&#xD;
&#xD;
2019-08-26 04:06:14 - [TEST_STEP][PASSED] - sendKeys(findTestObject("InputForms/txtInputA"), "100"): Keys '100' sent to object: 'Object Repository/InputForms/txtInputA'&#xD;
&#xD;
2019-08-26 04:06:15 - [MESSAGE][PASSED] - Keys '100' sent to object: 'Object Repository/InputForms/txtInputA'&#xD;
&#xD;
2019-08-26 04:06:15 - [TEST_STEP][PASSED] - sendKeys(findTestObject("InputForms/txtInputB"), "300"): Keys '300' sent to object: 'Object Repository/InputForms/txtInputB'&#xD;
&#xD;
2019-08-26 04:06:15 - [MESSAGE][PASSED] - Keys '300' sent to object: 'Object Repository/InputForms/txtInputB'&#xD;
&#xD;
2019-08-26 04:06:15 - [TEST_STEP][PASSED] - click(findTestObject("InputForms/btnSum")): Object: 'Object Repository/InputForms/btnSum' is clicked on&#xD;
&#xD;
2019-08-26 04:06:16 - [MESSAGE][PASSED] - Object: 'Object Repository/InputForms/btnSum' is clicked on</system-out>
            <system-err></system-err>
        </testcase>
        <system-out>2019-08-26 04:05:51 - [TEST_SUITE][INCOMPLETE] - InputForm: null</system-out>
        <system-err>2019-08-26 04:05:51 - [TEST_SUITE][INCOMPLETE] - InputForm: null</system-err>
    </testsuite>
</testsuites>
